<?xml version="1.0" encoding="UTF-8"?>
<coverage generated="1682643759267" clover="3.2.0">
  <project timestamp="1682643759268" name="All files">
    <metrics statements="57" coveredstatements="57" conditionals="14" coveredconditionals="14" methods="17" coveredmethods="17" elements="88" coveredelements="88" complexity="0" loc="57" ncloc="57" packages="1" files="3" classes="3"/>
    <file name="TOP-testing-project.js" path="/home/steveomari62/javascript-testing-practice/TOP-testing-project.js">
      <metrics statements="52" coveredstatements="52" conditionals="14" coveredconditionals="14" methods="13" coveredmethods="13"/>
      <line num="3" count="3" type="stmt"/>
      <line num="4" count="3" type="stmt"/>
      <line num="5" count="3" type="stmt"/>
      <line num="6" count="3" type="stmt"/>
      <line num="7" count="3" type="stmt"/>
      <line num="8" count="3" type="stmt"/>
      <line num="12" count="3" type="stmt"/>
      <line num="13" count="3" type="stmt"/>
      <line num="14" count="3" type="stmt"/>
      <line num="15" count="3" type="stmt"/>
      <line num="18" count="1" type="stmt"/>
      <line num="20" count="1" type="stmt"/>
      <line num="23" count="1" type="stmt"/>
      <line num="26" count="1" type="stmt"/>
      <line num="29" count="1" type="stmt"/>
      <line num="34" count="4" type="stmt"/>
      <line num="62" count="4" type="stmt"/>
      <line num="63" count="4" type="stmt"/>
      <line num="64" count="4" type="stmt"/>
      <line num="65" count="4" type="stmt"/>
      <line num="66" count="63" type="cond" truecount="2" falsecount="0"/>
      <line num="67" count="55" type="stmt"/>
      <line num="68" count="55" type="stmt"/>
      <line num="70" count="63" type="cond" truecount="2" falsecount="0"/>
      <line num="71" count="8" type="stmt"/>
      <line num="74" count="4" type="stmt"/>
      <line num="75" count="4" type="stmt"/>
      <line num="76" count="63" type="cond" truecount="2" falsecount="0"/>
      <line num="77" count="55" type="stmt"/>
      <line num="79" count="63" type="cond" truecount="2" falsecount="0"/>
      <line num="80" count="8" type="stmt"/>
      <line num="83" count="4" type="stmt"/>
      <line num="84" count="4" type="stmt"/>
      <line num="85" count="63" type="cond" truecount="2" falsecount="0"/>
      <line num="86" count="55" type="cond" truecount="2" falsecount="0"/>
      <line num="87" count="40" type="stmt"/>
      <line num="88" count="40" type="stmt"/>
      <line num="90" count="15" type="stmt"/>
      <line num="93" count="63" type="cond" truecount="2" falsecount="0"/>
      <line num="94" count="8" type="stmt"/>
      <line num="97" count="4" type="stmt"/>
      <line num="103" count="4" type="stmt"/>
      <line num="108" count="1" type="stmt"/>
      <line num="110" count="1" type="stmt"/>
      <line num="111" count="1" type="stmt"/>
      <line num="112" count="6" type="stmt"/>
      <line num="114" count="1" type="stmt"/>
      <line num="117" count="12" type="stmt"/>
      <line num="119" count="1" type="stmt"/>
      <line num="120" count="1" type="stmt"/>
      <line num="124" count="1" type="stmt"/>
      <line num="130" count="1" type="stmt"/>
    </file>
    <file name="equations.js" path="/home/steveomari62/javascript-testing-practice/equations.js">
      <metrics statements="3" coveredstatements="3" conditionals="0" coveredconditionals="0" methods="3" coveredmethods="3"/>
      <line num="2" count="1" type="stmt"/>
      <line num="6" count="1" type="stmt"/>
      <line num="10" count="1" type="stmt"/>
    </file>
    <file name="sum.js" path="/home/steveomari62/javascript-testing-practice/sum.js">
      <metrics statements="2" coveredstatements="2" conditionals="0" coveredconditionals="0" methods="1" coveredmethods="1"/>
      <line num="2" count="1" type="stmt"/>
      <line num="4" count="1" type="stmt"/>
    </file>
  </project>
</coverage>
