{"/home/steveomari62/javascript-testing-practice/TOP-testing-project.js": {"path":"/home/steveomari62/javascript-testing-practice/TOP-testing-project.js","statementMap":{"0":{"start":{"line":3,"column":14},"end":{"line":3,"column":27}},"1":{"start":{"line":4,"column":20},"end":{"line":4,"column":33}},"2":{"start":{"line":5,"column":23},"end":{"line":5,"column":48}},"3":{"start":{"line":6,"column":22},"end":{"line":6,"column":36}},"4":{"start":{"line":7,"column":16},"end":{"line":7,"column":52}},"5":{"start":{"line":8,"column":2},"end":{"line":8,"column":17}},"6":{"start":{"line":12,"column":14},"end":{"line":12,"column":27}},"7":{"start":{"line":13,"column":2},"end":{"line":13,"column":18}},"8":{"start":{"line":14,"column":16},"end":{"line":14,"column":30}},"9":{"start":{"line":15,"column":2},"end":{"line":15,"column":17}},"10":{"start":{"line":18,"column":11},"end":{"line":31,"column":1}},"11":{"start":{"line":20,"column":4},"end":{"line":20,"column":17}},"12":{"start":{"line":23,"column":4},"end":{"line":23,"column":17}},"13":{"start":{"line":26,"column":4},"end":{"line":26,"column":17}},"14":{"start":{"line":29,"column":4},"end":{"line":29,"column":17}},"15":{"start":{"line":34,"column":23},"end":{"line":61,"column":13}},"16":{"start":{"line":62,"column":26},"end":{"line":62,"column":133}},"17":{"start":{"line":63,"column":24},"end":{"line":63,"column":41}},"18":{"start":{"line":64,"column":23},"end":{"line":64,"column":25}},"19":{"start":{"line":65,"column":12},"end":{"line":73,"column":15}},"20":{"start":{"line":66,"column":16},"end":{"line":69,"column":17}},"21":{"start":{"line":67,"column":20},"end":{"line":67,"column":44}},"22":{"start":{"line":68,"column":20},"end":{"line":68,"column":40}},"23":{"start":{"line":70,"column":16},"end":{"line":72,"column":17}},"24":{"start":{"line":71,"column":20},"end":{"line":71,"column":37}},"25":{"start":{"line":74,"column":26},"end":{"line":74,"column":28}},"26":{"start":{"line":75,"column":12},"end":{"line":82,"column":15}},"27":{"start":{"line":76,"column":16},"end":{"line":78,"column":17}},"28":{"start":{"line":77,"column":20},"end":{"line":77,"column":52}},"29":{"start":{"line":79,"column":16},"end":{"line":81,"column":17}},"30":{"start":{"line":80,"column":20},"end":{"line":80,"column":40}},"31":{"start":{"line":83,"column":30},"end":{"line":83,"column":32}},"32":{"start":{"line":84,"column":12},"end":{"line":96,"column":15}},"33":{"start":{"line":85,"column":16},"end":{"line":92,"column":17}},"34":{"start":{"line":86,"column":20},"end":{"line":91,"column":21}},"35":{"start":{"line":87,"column":22},"end":{"line":87,"column":33}},"36":{"start":{"line":88,"column":22},"end":{"line":88,"column":57}},"37":{"start":{"line":90,"column":24},"end":{"line":90,"column":59}},"38":{"start":{"line":93,"column":16},"end":{"line":95,"column":17}},"39":{"start":{"line":94,"column":20},"end":{"line":94,"column":44}},"40":{"start":{"line":97,"column":27},"end":{"line":97,"column":49}},"41":{"start":{"line":103,"column":12},"end":{"line":103,"column":30}},"42":{"start":{"line":108,"column":23},"end":{"line":108,"column":33}},"43":{"start":{"line":110,"column":20},"end":{"line":110,"column":21}},"44":{"start":{"line":111,"column":12},"end":{"line":113,"column":15}},"45":{"start":{"line":112,"column":16},"end":{"line":112,"column":25}},"46":{"start":{"line":114,"column":24},"end":{"line":114,"column":34}},"47":{"start":{"line":117,"column":25},"end":{"line":117,"column":60}},"48":{"start":{"line":117,"column":48},"end":{"line":117,"column":58}},"49":{"start":{"line":119,"column":20},"end":{"line":119,"column":30}},"50":{"start":{"line":120,"column":21},"end":{"line":120,"column":46}},"51":{"start":{"line":124,"column":20},"end":{"line":129,"column":13}},"52":{"start":{"line":130,"column":12},"end":{"line":130,"column":23}}},"fnMap":{"0":{"name":"capitalize","decl":{"start":{"line":2,"column":9},"end":{"line":2,"column":19}},"loc":{"start":{"line":2,"column":25},"end":{"line":9,"column":1}},"line":2},"1":{"name":"reverse","decl":{"start":{"line":11,"column":9},"end":{"line":11,"column":16}},"loc":{"start":{"line":11,"column":22},"end":{"line":16,"column":1}},"line":11},"2":{"name":"(anonymous_2)","decl":{"start":{"line":19,"column":7},"end":{"line":19,"column":8}},"loc":{"start":{"line":19,"column":23},"end":{"line":21,"column":3}},"line":19},"3":{"name":"(anonymous_3)","decl":{"start":{"line":22,"column":12},"end":{"line":22,"column":13}},"loc":{"start":{"line":22,"column":28},"end":{"line":24,"column":3}},"line":22},"4":{"name":"(anonymous_4)","decl":{"start":{"line":25,"column":12},"end":{"line":25,"column":13}},"loc":{"start":{"line":25,"column":28},"end":{"line":27,"column":3}},"line":25},"5":{"name":"(anonymous_5)","decl":{"start":{"line":28,"column":10},"end":{"line":28,"column":11}},"loc":{"start":{"line":28,"column":26},"end":{"line":30,"column":3}},"line":28},"6":{"name":"hide","decl":{"start":{"line":33,"column":9},"end":{"line":33,"column":13}},"loc":{"start":{"line":33,"column":35},"end":{"line":104,"column":9}},"line":33},"7":{"name":"(anonymous_7)","decl":{"start":{"line":65,"column":28},"end":{"line":65,"column":29}},"loc":{"start":{"line":65,"column":38},"end":{"line":73,"column":13}},"line":65},"8":{"name":"(anonymous_8)","decl":{"start":{"line":75,"column":27},"end":{"line":75,"column":28}},"loc":{"start":{"line":75,"column":32},"end":{"line":82,"column":13}},"line":75},"9":{"name":"(anonymous_9)","decl":{"start":{"line":84,"column":30},"end":{"line":84,"column":31}},"loc":{"start":{"line":84,"column":35},"end":{"line":96,"column":13}},"line":84},"10":{"name":"analyzeArray","decl":{"start":{"line":106,"column":17},"end":{"line":106,"column":29}},"loc":{"start":{"line":106,"column":34},"end":{"line":131,"column":9}},"line":106},"11":{"name":"(anonymous_11)","decl":{"start":{"line":111,"column":24},"end":{"line":111,"column":25}},"loc":{"start":{"line":111,"column":31},"end":{"line":113,"column":13}},"line":111},"12":{"name":"(anonymous_12)","decl":{"start":{"line":117,"column":34},"end":{"line":117,"column":35}},"loc":{"start":{"line":117,"column":47},"end":{"line":117,"column":59}},"line":117}},"branchMap":{"0":{"loc":{"start":{"line":66,"column":16},"end":{"line":69,"column":17}},"type":"if","locations":[{"start":{"line":66,"column":16},"end":{"line":69,"column":17}},{"start":{},"end":{}}],"line":66},"1":{"loc":{"start":{"line":70,"column":16},"end":{"line":72,"column":17}},"type":"if","locations":[{"start":{"line":70,"column":16},"end":{"line":72,"column":17}},{"start":{},"end":{}}],"line":70},"2":{"loc":{"start":{"line":76,"column":16},"end":{"line":78,"column":17}},"type":"if","locations":[{"start":{"line":76,"column":16},"end":{"line":78,"column":17}},{"start":{},"end":{}}],"line":76},"3":{"loc":{"start":{"line":79,"column":16},"end":{"line":81,"column":17}},"type":"if","locations":[{"start":{"line":79,"column":16},"end":{"line":81,"column":17}},{"start":{},"end":{}}],"line":79},"4":{"loc":{"start":{"line":85,"column":16},"end":{"line":92,"column":17}},"type":"if","locations":[{"start":{"line":85,"column":16},"end":{"line":92,"column":17}},{"start":{},"end":{}}],"line":85},"5":{"loc":{"start":{"line":86,"column":20},"end":{"line":91,"column":21}},"type":"if","locations":[{"start":{"line":86,"column":20},"end":{"line":91,"column":21}},{"start":{"line":89,"column":25},"end":{"line":91,"column":21}}],"line":86},"6":{"loc":{"start":{"line":93,"column":16},"end":{"line":95,"column":17}},"type":"if","locations":[{"start":{"line":93,"column":16},"end":{"line":95,"column":17}},{"start":{},"end":{}}],"line":93}},"s":{"0":3,"1":3,"2":3,"3":3,"4":3,"5":3,"6":3,"7":3,"8":3,"9":3,"10":1,"11":1,"12":1,"13":1,"14":1,"15":4,"16":4,"17":4,"18":4,"19":4,"20":63,"21":55,"22":55,"23":63,"24":8,"25":4,"26":4,"27":63,"28":55,"29":63,"30":8,"31":4,"32":4,"33":63,"34":55,"35":40,"36":40,"37":15,"38":63,"39":8,"40":4,"41":4,"42":1,"43":1,"44":1,"45":6,"46":1,"47":1,"48":12,"49":1,"50":1,"51":1,"52":1},"f":{"0":3,"1":3,"2":1,"3":1,"4":1,"5":1,"6":4,"7":63,"8":63,"9":63,"10":1,"11":6,"12":12},"b":{"0":[55,8],"1":[8,55],"2":[55,8],"3":[8,55],"4":[55,8],"5":[40,15],"6":[8,55]},"_coverageSchema":"1a1c01bbd47fc00a2c39e90264f33305004495a9","hash":"0a6f18a3c2ff04f13ec9e75ba7cd667eb678dfe1"}
,"/home/steveomari62/javascript-testing-practice/equations.js": {"path":"/home/steveomari62/javascript-testing-practice/equations.js","statementMap":{"0":{"start":{"line":2,"column":4},"end":{"line":2,"column":15}},"1":{"start":{"line":6,"column":4},"end":{"line":6,"column":15}},"2":{"start":{"line":10,"column":4},"end":{"line":10,"column":15}}},"fnMap":{"0":{"name":"product","decl":{"start":{"line":1,"column":9},"end":{"line":1,"column":16}},"loc":{"start":{"line":1,"column":21},"end":{"line":3,"column":1}},"line":1},"1":{"name":"quotent","decl":{"start":{"line":5,"column":9},"end":{"line":5,"column":16}},"loc":{"start":{"line":5,"column":21},"end":{"line":7,"column":1}},"line":5},"2":{"name":"difference","decl":{"start":{"line":9,"column":9},"end":{"line":9,"column":19}},"loc":{"start":{"line":9,"column":24},"end":{"line":11,"column":1}},"line":9}},"branchMap":{},"s":{"0":1,"1":1,"2":1},"f":{"0":1,"1":1,"2":1},"b":{},"_coverageSchema":"1a1c01bbd47fc00a2c39e90264f33305004495a9","hash":"2dafb2562b3525a0191d54efe0f887dcd1f573d0"}
,"/home/steveomari62/javascript-testing-practice/sum.js": {"path":"/home/steveomari62/javascript-testing-practice/sum.js","statementMap":{"0":{"start":{"line":2,"column":2},"end":{"line":2,"column":15}},"1":{"start":{"line":4,"column":0},"end":{"line":4,"column":21}}},"fnMap":{"0":{"name":"sum","decl":{"start":{"line":1,"column":9},"end":{"line":1,"column":12}},"loc":{"start":{"line":1,"column":19},"end":{"line":3,"column":1}},"line":1}},"branchMap":{},"s":{"0":1,"1":1},"f":{"0":1},"b":{},"_coverageSchema":"1a1c01bbd47fc00a2c39e90264f33305004495a9","hash":"f624efb6fa16c48a07de003dedf4b8834e823b39"}
}
