TN:
SF:TOP-testing-project.js
FN:2,capitalize
FN:11,reverse
FN:19,(anonymous_2)
FN:22,(anonymous_3)
FN:25,(anonymous_4)
FN:28,(anonymous_5)
FN:33,hide
FN:65,(anonymous_7)
FN:75,(anonymous_8)
FN:84,(anonymous_9)
FN:106,analyzeArray
FN:111,(anonymous_11)
FN:117,(anonymous_12)
FNF:13
FNH:13
FNDA:3,capitalize
FNDA:3,reverse
FNDA:1,(anonymous_2)
FNDA:1,(anonymous_3)
FNDA:1,(anonymous_4)
FNDA:1,(anonymous_5)
FNDA:4,hide
FNDA:63,(anonymous_7)
FNDA:63,(anonymous_8)
FNDA:63,(anonymous_9)
FNDA:1,analyzeArray
FNDA:6,(anonymous_11)
FNDA:12,(anonymous_12)
DA:3,3
DA:4,3
DA:5,3
DA:6,3
DA:7,3
DA:8,3
DA:12,3
DA:13,3
DA:14,3
DA:15,3
DA:18,1
DA:20,1
DA:23,1
DA:26,1
DA:29,1
DA:34,4
DA:62,4
DA:63,4
DA:64,4
DA:65,4
DA:66,63
DA:67,55
DA:68,55
DA:70,63
DA:71,8
DA:74,4
DA:75,4
DA:76,63
DA:77,55
DA:79,63
DA:80,8
DA:83,4
DA:84,4
DA:85,63
DA:86,55
DA:87,40
DA:88,40
DA:90,15
DA:93,63
DA:94,8
DA:97,4
DA:103,4
DA:108,1
DA:110,1
DA:111,1
DA:112,6
DA:114,1
DA:117,12
DA:119,1
DA:120,1
DA:124,1
DA:130,1
LF:52
LH:52
BRDA:66,0,0,55
BRDA:66,0,1,8
BRDA:70,1,0,8
BRDA:70,1,1,55
BRDA:76,2,0,55
BRDA:76,2,1,8
BRDA:79,3,0,8
BRDA:79,3,1,55
BRDA:85,4,0,55
BRDA:85,4,1,8
BRDA:86,5,0,40
BRDA:86,5,1,15
BRDA:93,6,0,8
BRDA:93,6,1,55
BRF:14
BRH:14
end_of_record
TN:
SF:equations.js
FN:1,product
FN:5,quotent
FN:9,difference
FNF:3
FNH:3
FNDA:1,product
FNDA:1,quotent
FNDA:1,difference
DA:2,1
DA:6,1
DA:10,1
LF:3
LH:3
BRF:0
BRH:0
end_of_record
TN:
SF:sum.js
FN:1,sum
FNF:1
FNH:1
FNDA:1,sum
DA:2,1
DA:4,1
LF:2
LH:2
BRF:0
BRH:0
end_of_record
